0 info it worked if it ends with ok
1 verbose cli [ 'C:\\nodejs\\node.exe',
1 verbose cli   'C:\\nodejs\\node_modules\\npm\\bin\\npm-cli.js',
1 verbose cli   'run',
1 verbose cli   'server' ]
2 info using npm@3.10.10
3 info using node@v6.11.1
4 verbose run-script [ 'preserver', 'server', 'postserver' ]
5 info lifecycle angular-seed@0.0.0~preserver: angular-seed@0.0.0
6 silly lifecycle angular-seed@0.0.0~preserver: no script for preserver, continuing
7 info lifecycle angular-seed@0.0.0~server: angular-seed@0.0.0
8 verbose lifecycle angular-seed@0.0.0~server: unsafe-perm in lifecycle true
9 verbose lifecycle angular-seed@0.0.0~server: PATH: C:\nodejs\node_modules\npm\bin\node-gyp-bin;C:\Users\Tieni\Desktop\NavUP\Frontend\node_modules\.bin;C:\ProgramData\Oracle\Java\javapath;C:\WINDOWS\system32;C:\WINDOWS;C:\WINDOWS\System32\Wbem;C:\WINDOWS\System32\WindowsPowerShell\v1.0\;C:\Program Files\Common Files\Autodesk Shared\;C:\Program Files (x86)\Skype\Phone\;C:\Program Files\Git\cmd;C:\nodejs\;C:\Program Files\apache-maven-3.5.0\bin;C:\Program Files\Java\jre1.8.0_141\bin;C:\Users\Tieni\AppData\Roaming\npm
10 verbose lifecycle angular-seed@0.0.0~server: CWD: C:\Users\Tieni\Desktop\NavUP\Frontend
11 silly lifecycle angular-seed@0.0.0~server: Args: [ '/d /s /c',
11 silly lifecycle   'webpack-dev-server --history-api-fallback --inline --progress' ]
12 silly lifecycle angular-seed@0.0.0~server: Returned: code: 3221225786  signal: null
13 info lifecycle angular-seed@0.0.0~server: Failed to exec server script
14 verbose stack Error: angular-seed@0.0.0 server: `webpack-dev-server --history-api-fallback --inline --progress`
14 verbose stack Exit status 3221225786
14 verbose stack     at EventEmitter.<anonymous> (C:\nodejs\node_modules\npm\lib\utils\lifecycle.js:255:16)
14 verbose stack     at emitTwo (events.js:106:13)
14 verbose stack     at EventEmitter.emit (events.js:191:7)
14 verbose stack     at ChildProcess.<anonymous> (C:\nodejs\node_modules\npm\lib\utils\spawn.js:40:14)
14 verbose stack     at emitTwo (events.js:106:13)
14 verbose stack     at ChildProcess.emit (events.js:191:7)
14 verbose stack     at maybeClose (internal/child_process.js:891:16)
14 verbose stack     at Process.ChildProcess._handle.onexit (internal/child_process.js:226:5)
15 verbose pkgid angular-seed@0.0.0
16 verbose cwd C:\Users\Tieni\Desktop\NavUP\Frontend
17 error Windows_NT 10.0.10586
18 error argv "C:\\nodejs\\node.exe" "C:\\nodejs\\node_modules\\npm\\bin\\npm-cli.js" "run" "server"
19 error node v6.11.1
20 error npm  v3.10.10
21 error code ELIFECYCLE
22 error angular-seed@0.0.0 server: `webpack-dev-server --history-api-fallback --inline --progress`
22 error Exit status 3221225786
23 error Failed at the angular-seed@0.0.0 server script 'webpack-dev-server --history-api-fallback --inline --progress'.
23 error Make sure you have the latest version of node.js and npm installed.
23 error If you do, this is most likely a problem with the angular-seed package,
23 error not with npm itself.
23 error Tell the author that this fails on your system:
23 error     webpack-dev-server --history-api-fallback --inline --progress
23 error You can get information on how to open an issue for this project with:
23 error     npm bugs angular-seed
23 error Or if that isn't available, you can get their info via:
23 error     npm owner ls angular-seed
23 error There is likely additional logging output above.
24 verbose exit [ 1, true ]
